Grammar

    0 $accept: Program $end

    1 Program: ExtDefList

    2 ExtDefList: ExtDefList ExtDef
    3           | %empty

    4 ExtDef: Specifier ExtDecList SEMI
    5       | Specifier SEMI
    6       | Specifier FunDec CompSt

    7 ExtDecList: VarDec
    8           | VarDec COMMA ExtDecList

    9 Specifier: TYPE
   10          | StructSpecifier

   11 StructSpecifier: STRUCT ID LC DefList RC
   12                | STRUCT ID

   13 VarDec: ID
   14       | VarDec LB INT RB

   15 FunDec: ID LP VarList RP
   16       | ID LP RP

   17 VarList: ParamDec COMMA VarList
   18        | ParamDec

   19 ParamDec: Specifier VarDec

   20 CompSt: LC DefList StmtList RC

   21 StmtList: Stmt StmtList
   22         | %empty

   23 Stmt: Exp SEMI
   24     | CompSt
   25     | RETURN Exp SEMI
   26     | IF LP Exp RP Stmt
   27     | IF LP Exp RP Stmt ELSE Stmt
   28     | WHILE LP Exp RP Stmt

   29 DefList: Def DefList
   30        | %empty

   31 Def: Specifier DecList SEMI

   32 DecList: Dec
   33        | Dec COMMA DecList

   34 Dec: VarDec
   35    | VarDec ASSIGN Exp

   36 Exp: Exp ASSIGN Exp
   37    | Exp AND Exp
   38    | Exp OR Exp
   39    | Exp LT Exp
   40    | Exp LE Exp
   41    | Exp GT Exp
   42    | Exp GE Exp
   43    | Exp NE Exp
   44    | Exp EQ Exp
   45    | Exp PLUS Exp
   46    | Exp MINUS Exp
   47    | Exp MUL Exp
   48    | Exp DIV Exp
   49    | LP Exp RP
   50    | MINUS Exp
   51    | NOT Exp
   52    | ID LP Args RP
   53    | ID LP RP
   54    | Exp LB Exp RB
   55    | Exp DOT ID
   56    | ID
   57    | INT
   58    | FLOAT
   59    | CHAR

   60 Args: Exp COMMA Args
   61     | Exp


Terminals, with rules where they appear

$end (0) 0
error (256)
INT (258) 14 57
FLOAT (259) 58
CHAR (260) 59
ID (261) 11 12 13 15 16 52 53 55 56
TYPE (262) 9
STRUCT (263) 11 12
IF (264) 26 27
WHILE (265) 28
RETURN (266) 25
SEMI (267) 4 5 23 25 31
COMMA (268) 8 17 33 60
LOWER_ELSE (269)
ELSE (270) 27
ASSIGN (271) 35 36
OR (272) 38
AND (273) 37
NE (274) 43
EQ (275) 44
LT (276) 39
LE (277) 40
GT (278) 41
GE (279) 42
PLUS (280) 45
MINUS (281) 46 50
MUL (282) 47
DIV (283) 48
NOT (284) 51
LP (285) 15 16 26 27 28 49 52 53
RP (286) 15 16 26 27 28 49 52 53
LB (287) 14 54
RB (288) 14 54
LC (289) 11 20
RC (290) 11 20
DOT (291) 55


Nonterminals, with rules where they appear

$accept (37)
    on left: 0
Program (38)
    on left: 1, on right: 0
ExtDefList (39)
    on left: 2 3, on right: 1 2
ExtDef (40)
    on left: 4 5 6, on right: 2
ExtDecList (41)
    on left: 7 8, on right: 4 8
Specifier (42)
    on left: 9 10, on right: 4 5 6 19 31
StructSpecifier (43)
    on left: 11 12, on right: 10
VarDec (44)
    on left: 13 14, on right: 7 8 14 19 34 35
FunDec (45)
    on left: 15 16, on right: 6
VarList (46)
    on left: 17 18, on right: 15 17
ParamDec (47)
    on left: 19, on right: 17 18
CompSt (48)
    on left: 20, on right: 6 24
StmtList (49)
    on left: 21 22, on right: 20 21
Stmt (50)
    on left: 23 24 25 26 27 28, on right: 21 26 27 28
DefList (51)
    on left: 29 30, on right: 11 20 29
Def (52)
    on left: 31, on right: 29
DecList (53)
    on left: 32 33, on right: 31 33
Dec (54)
    on left: 34 35, on right: 32 33
Exp (55)
    on left: 36 37 38 39 40 41 42 43 44 45 46 47 48 49 50 51 52 53
    54 55 56 57 58 59, on right: 23 25 26 27 28 35 36 37 38 39 40 41
    42 43 44 45 46 47 48 49 50 51 54 55 60 61
Args (56)
    on left: 60 61, on right: 52 60


State 0

    0 $accept: . Program $end
    1 Program: . ExtDefList
    2 ExtDefList: . ExtDefList ExtDef
    3           | . %empty

    $default  reduce using rule 3 (ExtDefList)

    Program     go to state 1
    ExtDefList  go to state 2


State 1

    0 $accept: Program . $end

    $end  shift, and go to state 3


State 2

    1 Program: ExtDefList .  [$end]
    2 ExtDefList: ExtDefList . ExtDef
    4 ExtDef: . Specifier ExtDecList SEMI
    5       | . Specifier SEMI
    6       | . Specifier FunDec CompSt
    9 Specifier: . TYPE
   10          | . StructSpecifier
   11 StructSpecifier: . STRUCT ID LC DefList RC
   12                | . STRUCT ID

    TYPE    shift, and go to state 4
    STRUCT  shift, and go to state 5

    $default  reduce using rule 1 (Program)

    ExtDef           go to state 6
    Specifier        go to state 7
    StructSpecifier  go to state 8


State 3

    0 $accept: Program $end .

    $default  accept


State 4

    9 Specifier: TYPE .

    $default  reduce using rule 9 (Specifier)


State 5

   11 StructSpecifier: STRUCT . ID LC DefList RC
   12                | STRUCT . ID

    ID  shift, and go to state 9


State 6

    2 ExtDefList: ExtDefList ExtDef .

    $default  reduce using rule 2 (ExtDefList)


State 7

    4 ExtDef: Specifier . ExtDecList SEMI
    5       | Specifier . SEMI
    6       | Specifier . FunDec CompSt
    7 ExtDecList: . VarDec
    8           | . VarDec COMMA ExtDecList
   13 VarDec: . ID
   14       | . VarDec LB INT RB
   15 FunDec: . ID LP VarList RP
   16       | . ID LP RP

    ID    shift, and go to state 10
    SEMI  shift, and go to state 11

    ExtDecList  go to state 12
    VarDec      go to state 13
    FunDec      go to state 14


State 8

   10 Specifier: StructSpecifier .

    $default  reduce using rule 10 (Specifier)


State 9

   11 StructSpecifier: STRUCT ID . LC DefList RC
   12                | STRUCT ID .  [ID, SEMI]

    LC  shift, and go to state 15

    $default  reduce using rule 12 (StructSpecifier)


State 10

   13 VarDec: ID .  [SEMI, COMMA, LB]
   15 FunDec: ID . LP VarList RP
   16       | ID . LP RP

    LP  shift, and go to state 16

    $default  reduce using rule 13 (VarDec)


State 11

    5 ExtDef: Specifier SEMI .

    $default  reduce using rule 5 (ExtDef)


State 12

    4 ExtDef: Specifier ExtDecList . SEMI

    SEMI  shift, and go to state 17


State 13

    7 ExtDecList: VarDec .  [SEMI]
    8           | VarDec . COMMA ExtDecList
   14 VarDec: VarDec . LB INT RB

    COMMA  shift, and go to state 18
    LB     shift, and go to state 19

    $default  reduce using rule 7 (ExtDecList)


State 14

    6 ExtDef: Specifier FunDec . CompSt
   20 CompSt: . LC DefList StmtList RC

    LC  shift, and go to state 20

    CompSt  go to state 21


State 15

    9 Specifier: . TYPE
   10          | . StructSpecifier
   11 StructSpecifier: . STRUCT ID LC DefList RC
   11                | STRUCT ID LC . DefList RC
   12                | . STRUCT ID
   29 DefList: . Def DefList
   30        | . %empty  [RC]
   31 Def: . Specifier DecList SEMI

    TYPE    shift, and go to state 4
    STRUCT  shift, and go to state 5

    $default  reduce using rule 30 (DefList)

    Specifier        go to state 22
    StructSpecifier  go to state 8
    DefList          go to state 23
    Def              go to state 24


State 16

    9 Specifier: . TYPE
   10          | . StructSpecifier
   11 StructSpecifier: . STRUCT ID LC DefList RC
   12                | . STRUCT ID
   15 FunDec: ID LP . VarList RP
   16       | ID LP . RP
   17 VarList: . ParamDec COMMA VarList
   18        | . ParamDec
   19 ParamDec: . Specifier VarDec

    TYPE    shift, and go to state 4
    STRUCT  shift, and go to state 5
    RP      shift, and go to state 25

    Specifier        go to state 26
    StructSpecifier  go to state 8
    VarList          go to state 27
    ParamDec         go to state 28


State 17

    4 ExtDef: Specifier ExtDecList SEMI .

    $default  reduce using rule 4 (ExtDef)


State 18

    7 ExtDecList: . VarDec
    8           | . VarDec COMMA ExtDecList
    8           | VarDec COMMA . ExtDecList
   13 VarDec: . ID
   14       | . VarDec LB INT RB

    ID  shift, and go to state 29

    ExtDecList  go to state 30
    VarDec      go to state 13


State 19

   14 VarDec: VarDec LB . INT RB

    INT  shift, and go to state 31


State 20

    9 Specifier: . TYPE
   10          | . StructSpecifier
   11 StructSpecifier: . STRUCT ID LC DefList RC
   12                | . STRUCT ID
   20 CompSt: LC . DefList StmtList RC
   29 DefList: . Def DefList
   30        | . %empty  [INT, FLOAT, CHAR, ID, IF, WHILE, RETURN, MINUS, NOT, LP, LC, RC]
   31 Def: . Specifier DecList SEMI

    TYPE    shift, and go to state 4
    STRUCT  shift, and go to state 5

    $default  reduce using rule 30 (DefList)

    Specifier        go to state 22
    StructSpecifier  go to state 8
    DefList          go to state 32
    Def              go to state 24


State 21

    6 ExtDef: Specifier FunDec CompSt .

    $default  reduce using rule 6 (ExtDef)


State 22

   13 VarDec: . ID
   14       | . VarDec LB INT RB
   31 Def: Specifier . DecList SEMI
   32 DecList: . Dec
   33        | . Dec COMMA DecList
   34 Dec: . VarDec
   35    | . VarDec ASSIGN Exp

    ID  shift, and go to state 29

    VarDec   go to state 33
    DecList  go to state 34
    Dec      go to state 35


State 23

   11 StructSpecifier: STRUCT ID LC DefList . RC

    RC  shift, and go to state 36


State 24

    9 Specifier: . TYPE
   10          | . StructSpecifier
   11 StructSpecifier: . STRUCT ID LC DefList RC
   12                | . STRUCT ID
   29 DefList: . Def DefList
   29        | Def . DefList
   30        | . %empty  [INT, FLOAT, CHAR, ID, IF, WHILE, RETURN, MINUS, NOT, LP, LC, RC]
   31 Def: . Specifier DecList SEMI

    TYPE    shift, and go to state 4
    STRUCT  shift, and go to state 5

    $default  reduce using rule 30 (DefList)

    Specifier        go to state 22
    StructSpecifier  go to state 8
    DefList          go to state 37
    Def              go to state 24


State 25

   16 FunDec: ID LP RP .

    $default  reduce using rule 16 (FunDec)


State 26

   13 VarDec: . ID
   14       | . VarDec LB INT RB
   19 ParamDec: Specifier . VarDec

    ID  shift, and go to state 29

    VarDec  go to state 38


State 27

   15 FunDec: ID LP VarList . RP

    RP  shift, and go to state 39


State 28

   17 VarList: ParamDec . COMMA VarList
   18        | ParamDec .  [RP]

    COMMA  shift, and go to state 40

    $default  reduce using rule 18 (VarList)


State 29

   13 VarDec: ID .

    $default  reduce using rule 13 (VarDec)


State 30

    8 ExtDecList: VarDec COMMA ExtDecList .

    $default  reduce using rule 8 (ExtDecList)


State 31

   14 VarDec: VarDec LB INT . RB

    RB  shift, and go to state 41


State 32

   20 CompSt: . LC DefList StmtList RC
   20       | LC DefList . StmtList RC
   21 StmtList: . Stmt StmtList
   22         | . %empty  [RC]
   23 Stmt: . Exp SEMI
   24     | . CompSt
   25     | . RETURN Exp SEMI
   26     | . IF LP Exp RP Stmt
   27     | . IF LP Exp RP Stmt ELSE Stmt
   28     | . WHILE LP Exp RP Stmt
   36 Exp: . Exp ASSIGN Exp
   37    | . Exp AND Exp
   38    | . Exp OR Exp
   39    | . Exp LT Exp
   40    | . Exp LE Exp
   41    | . Exp GT Exp
   42    | . Exp GE Exp
   43    | . Exp NE Exp
   44    | . Exp EQ Exp
   45    | . Exp PLUS Exp
   46    | . Exp MINUS Exp
   47    | . Exp MUL Exp
   48    | . Exp DIV Exp
   49    | . LP Exp RP
   50    | . MINUS Exp
   51    | . NOT Exp
   52    | . ID LP Args RP
   53    | . ID LP RP
   54    | . Exp LB Exp RB
   55    | . Exp DOT ID
   56    | . ID
   57    | . INT
   58    | . FLOAT
   59    | . CHAR

    INT     shift, and go to state 42
    FLOAT   shift, and go to state 43
    CHAR    shift, and go to state 44
    ID      shift, and go to state 45
    IF      shift, and go to state 46
    WHILE   shift, and go to state 47
    RETURN  shift, and go to state 48
    MINUS   shift, and go to state 49
    NOT     shift, and go to state 50
    LP      shift, and go to state 51
    LC      shift, and go to state 20

    $default  reduce using rule 22 (StmtList)

    CompSt    go to state 52
    StmtList  go to state 53
    Stmt      go to state 54
    Exp       go to state 55


State 33

   14 VarDec: VarDec . LB INT RB
   34 Dec: VarDec .  [SEMI, COMMA]
   35    | VarDec . ASSIGN Exp

    ASSIGN  shift, and go to state 56
    LB      shift, and go to state 19

    $default  reduce using rule 34 (Dec)


State 34

   31 Def: Specifier DecList . SEMI

    SEMI  shift, and go to state 57


State 35

   32 DecList: Dec .  [SEMI]
   33        | Dec . COMMA DecList

    COMMA  shift, and go to state 58

    $default  reduce using rule 32 (DecList)


State 36

   11 StructSpecifier: STRUCT ID LC DefList RC .

    $default  reduce using rule 11 (StructSpecifier)


State 37

   29 DefList: Def DefList .

    $default  reduce using rule 29 (DefList)


State 38

   14 VarDec: VarDec . LB INT RB
   19 ParamDec: Specifier VarDec .  [COMMA, RP]

    LB  shift, and go to state 19

    $default  reduce using rule 19 (ParamDec)


State 39

   15 FunDec: ID LP VarList RP .

    $default  reduce using rule 15 (FunDec)


State 40

    9 Specifier: . TYPE
   10          | . StructSpecifier
   11 StructSpecifier: . STRUCT ID LC DefList RC
   12                | . STRUCT ID
   17 VarList: . ParamDec COMMA VarList
   17        | ParamDec COMMA . VarList
   18        | . ParamDec
   19 ParamDec: . Specifier VarDec

    TYPE    shift, and go to state 4
    STRUCT  shift, and go to state 5

    Specifier        go to state 26
    StructSpecifier  go to state 8
    VarList          go to state 59
    ParamDec         go to state 28


State 41

   14 VarDec: VarDec LB INT RB .

    $default  reduce using rule 14 (VarDec)


State 42

   57 Exp: INT .

    $default  reduce using rule 57 (Exp)


State 43

   58 Exp: FLOAT .

    $default  reduce using rule 58 (Exp)


State 44

   59 Exp: CHAR .

    $default  reduce using rule 59 (Exp)


State 45

   52 Exp: ID . LP Args RP
   53    | ID . LP RP
   56    | ID .  [SEMI, COMMA, ASSIGN, OR, AND, NE, EQ, LT, LE, GT, GE, PLUS, MINUS, MUL, DIV, RP, LB, RB, DOT]

    LP  shift, and go to state 60

    $default  reduce using rule 56 (Exp)


State 46

   26 Stmt: IF . LP Exp RP Stmt
   27     | IF . LP Exp RP Stmt ELSE Stmt

    LP  shift, and go to state 61


State 47

   28 Stmt: WHILE . LP Exp RP Stmt

    LP  shift, and go to state 62


State 48

   25 Stmt: RETURN . Exp SEMI
   36 Exp: . Exp ASSIGN Exp
   37    | . Exp AND Exp
   38    | . Exp OR Exp
   39    | . Exp LT Exp
   40    | . Exp LE Exp
   41    | . Exp GT Exp
   42    | . Exp GE Exp
   43    | . Exp NE Exp
   44    | . Exp EQ Exp
   45    | . Exp PLUS Exp
   46    | . Exp MINUS Exp
   47    | . Exp MUL Exp
   48    | . Exp DIV Exp
   49    | . LP Exp RP
   50    | . MINUS Exp
   51    | . NOT Exp
   52    | . ID LP Args RP
   53    | . ID LP RP
   54    | . Exp LB Exp RB
   55    | . Exp DOT ID
   56    | . ID
   57    | . INT
   58    | . FLOAT
   59    | . CHAR

    INT    shift, and go to state 42
    FLOAT  shift, and go to state 43
    CHAR   shift, and go to state 44
    ID     shift, and go to state 45
    MINUS  shift, and go to state 49
    NOT    shift, and go to state 50
    LP     shift, and go to state 51

    Exp  go to state 63


State 49

   36 Exp: . Exp ASSIGN Exp
   37    | . Exp AND Exp
   38    | . Exp OR Exp
   39    | . Exp LT Exp
   40    | . Exp LE Exp
   41    | . Exp GT Exp
   42    | . Exp GE Exp
   43    | . Exp NE Exp
   44    | . Exp EQ Exp
   45    | . Exp PLUS Exp
   46    | . Exp MINUS Exp
   47    | . Exp MUL Exp
   48    | . Exp DIV Exp
   49    | . LP Exp RP
   50    | . MINUS Exp
   50    | MINUS . Exp
   51    | . NOT Exp
   52    | . ID LP Args RP
   53    | . ID LP RP
   54    | . Exp LB Exp RB
   55    | . Exp DOT ID
   56    | . ID
   57    | . INT
   58    | . FLOAT
   59    | . CHAR

    INT    shift, and go to state 42
    FLOAT  shift, and go to state 43
    CHAR   shift, and go to state 44
    ID     shift, and go to state 45
    MINUS  shift, and go to state 49
    NOT    shift, and go to state 50
    LP     shift, and go to state 51

    Exp  go to state 64


State 50

   36 Exp: . Exp ASSIGN Exp
   37    | . Exp AND Exp
   38    | . Exp OR Exp
   39    | . Exp LT Exp
   40    | . Exp LE Exp
   41    | . Exp GT Exp
   42    | . Exp GE Exp
   43    | . Exp NE Exp
   44    | . Exp EQ Exp
   45    | . Exp PLUS Exp
   46    | . Exp MINUS Exp
   47    | . Exp MUL Exp
   48    | . Exp DIV Exp
   49    | . LP Exp RP
   50    | . MINUS Exp
   51    | . NOT Exp
   51    | NOT . Exp
   52    | . ID LP Args RP
   53    | . ID LP RP
   54    | . Exp LB Exp RB
   55    | . Exp DOT ID
   56    | . ID
   57    | . INT
   58    | . FLOAT
   59    | . CHAR

    INT    shift, and go to state 42
    FLOAT  shift, and go to state 43
    CHAR   shift, and go to state 44
    ID     shift, and go to state 45
    MINUS  shift, and go to state 49
    NOT    shift, and go to state 50
    LP     shift, and go to state 51

    Exp  go to state 65


State 51

   36 Exp: . Exp ASSIGN Exp
   37    | . Exp AND Exp
   38    | . Exp OR Exp
   39    | . Exp LT Exp
   40    | . Exp LE Exp
   41    | . Exp GT Exp
   42    | . Exp GE Exp
   43    | . Exp NE Exp
   44    | . Exp EQ Exp
   45    | . Exp PLUS Exp
   46    | . Exp MINUS Exp
   47    | . Exp MUL Exp
   48    | . Exp DIV Exp
   49    | . LP Exp RP
   49    | LP . Exp RP
   50    | . MINUS Exp
   51    | . NOT Exp
   52    | . ID LP Args RP
   53    | . ID LP RP
   54    | . Exp LB Exp RB
   55    | . Exp DOT ID
   56    | . ID
   57    | . INT
   58    | . FLOAT
   59    | . CHAR

    INT    shift, and go to state 42
    FLOAT  shift, and go to state 43
    CHAR   shift, and go to state 44
    ID     shift, and go to state 45
    MINUS  shift, and go to state 49
    NOT    shift, and go to state 50
    LP     shift, and go to state 51

    Exp  go to state 66


State 52

   24 Stmt: CompSt .

    $default  reduce using rule 24 (Stmt)


State 53

   20 CompSt: LC DefList StmtList . RC

    RC  shift, and go to state 67


State 54

   20 CompSt: . LC DefList StmtList RC
   21 StmtList: . Stmt StmtList
   21         | Stmt . StmtList
   22         | . %empty  [RC]
   23 Stmt: . Exp SEMI
   24     | . CompSt
   25     | . RETURN Exp SEMI
   26     | . IF LP Exp RP Stmt
   27     | . IF LP Exp RP Stmt ELSE Stmt
   28     | . WHILE LP Exp RP Stmt
   36 Exp: . Exp ASSIGN Exp
   37    | . Exp AND Exp
   38    | . Exp OR Exp
   39    | . Exp LT Exp
   40    | . Exp LE Exp
   41    | . Exp GT Exp
   42    | . Exp GE Exp
   43    | . Exp NE Exp
   44    | . Exp EQ Exp
   45    | . Exp PLUS Exp
   46    | . Exp MINUS Exp
   47    | . Exp MUL Exp
   48    | . Exp DIV Exp
   49    | . LP Exp RP
   50    | . MINUS Exp
   51    | . NOT Exp
   52    | . ID LP Args RP
   53    | . ID LP RP
   54    | . Exp LB Exp RB
   55    | . Exp DOT ID
   56    | . ID
   57    | . INT
   58    | . FLOAT
   59    | . CHAR

    INT     shift, and go to state 42
    FLOAT   shift, and go to state 43
    CHAR    shift, and go to state 44
    ID      shift, and go to state 45
    IF      shift, and go to state 46
    WHILE   shift, and go to state 47
    RETURN  shift, and go to state 48
    MINUS   shift, and go to state 49
    NOT     shift, and go to state 50
    LP      shift, and go to state 51
    LC      shift, and go to state 20

    $default  reduce using rule 22 (StmtList)

    CompSt    go to state 52
    StmtList  go to state 68
    Stmt      go to state 54
    Exp       go to state 55


State 55

   23 Stmt: Exp . SEMI
   36 Exp: Exp . ASSIGN Exp
   37    | Exp . AND Exp
   38    | Exp . OR Exp
   39    | Exp . LT Exp
   40    | Exp . LE Exp
   41    | Exp . GT Exp
   42    | Exp . GE Exp
   43    | Exp . NE Exp
   44    | Exp . EQ Exp
   45    | Exp . PLUS Exp
   46    | Exp . MINUS Exp
   47    | Exp . MUL Exp
   48    | Exp . DIV Exp
   54    | Exp . LB Exp RB
   55    | Exp . DOT ID

    SEMI    shift, and go to state 69
    ASSIGN  shift, and go to state 70
    OR      shift, and go to state 71
    AND     shift, and go to state 72
    NE      shift, and go to state 73
    EQ      shift, and go to state 74
    LT      shift, and go to state 75
    LE      shift, and go to state 76
    GT      shift, and go to state 77
    GE      shift, and go to state 78
    PLUS    shift, and go to state 79
    MINUS   shift, and go to state 80
    MUL     shift, and go to state 81
    DIV     shift, and go to state 82
    LB      shift, and go to state 83
    DOT     shift, and go to state 84


State 56

   35 Dec: VarDec ASSIGN . Exp
   36 Exp: . Exp ASSIGN Exp
   37    | . Exp AND Exp
   38    | . Exp OR Exp
   39    | . Exp LT Exp
   40    | . Exp LE Exp
   41    | . Exp GT Exp
   42    | . Exp GE Exp
   43    | . Exp NE Exp
   44    | . Exp EQ Exp
   45    | . Exp PLUS Exp
   46    | . Exp MINUS Exp
   47    | . Exp MUL Exp
   48    | . Exp DIV Exp
   49    | . LP Exp RP
   50    | . MINUS Exp
   51    | . NOT Exp
   52    | . ID LP Args RP
   53    | . ID LP RP
   54    | . Exp LB Exp RB
   55    | . Exp DOT ID
   56    | . ID
   57    | . INT
   58    | . FLOAT
   59    | . CHAR

    INT    shift, and go to state 42
    FLOAT  shift, and go to state 43
    CHAR   shift, and go to state 44
    ID     shift, and go to state 45
    MINUS  shift, and go to state 49
    NOT    shift, and go to state 50
    LP     shift, and go to state 51

    Exp  go to state 85


State 57

   31 Def: Specifier DecList SEMI .

    $default  reduce using rule 31 (Def)


State 58

   13 VarDec: . ID
   14       | . VarDec LB INT RB
   32 DecList: . Dec
   33        | . Dec COMMA DecList
   33        | Dec COMMA . DecList
   34 Dec: . VarDec
   35    | . VarDec ASSIGN Exp

    ID  shift, and go to state 29

    VarDec   go to state 33
    DecList  go to state 86
    Dec      go to state 35


State 59

   17 VarList: ParamDec COMMA VarList .

    $default  reduce using rule 17 (VarList)


State 60

   36 Exp: . Exp ASSIGN Exp
   37    | . Exp AND Exp
   38    | . Exp OR Exp
   39    | . Exp LT Exp
   40    | . Exp LE Exp
   41    | . Exp GT Exp
   42    | . Exp GE Exp
   43    | . Exp NE Exp
   44    | . Exp EQ Exp
   45    | . Exp PLUS Exp
   46    | . Exp MINUS Exp
   47    | . Exp MUL Exp
   48    | . Exp DIV Exp
   49    | . LP Exp RP
   50    | . MINUS Exp
   51    | . NOT Exp
   52    | . ID LP Args RP
   52    | ID LP . Args RP
   53    | . ID LP RP
   53    | ID LP . RP
   54    | . Exp LB Exp RB
   55    | . Exp DOT ID
   56    | . ID
   57    | . INT
   58    | . FLOAT
   59    | . CHAR
   60 Args: . Exp COMMA Args
   61     | . Exp

    INT    shift, and go to state 42
    FLOAT  shift, and go to state 43
    CHAR   shift, and go to state 44
    ID     shift, and go to state 45
    MINUS  shift, and go to state 49
    NOT    shift, and go to state 50
    LP     shift, and go to state 51
    RP     shift, and go to state 87

    Exp   go to state 88
    Args  go to state 89


State 61

   26 Stmt: IF LP . Exp RP Stmt
   27     | IF LP . Exp RP Stmt ELSE Stmt
   36 Exp: . Exp ASSIGN Exp
   37    | . Exp AND Exp
   38    | . Exp OR Exp
   39    | . Exp LT Exp
   40    | . Exp LE Exp
   41    | . Exp GT Exp
   42    | . Exp GE Exp
   43    | . Exp NE Exp
   44    | . Exp EQ Exp
   45    | . Exp PLUS Exp
   46    | . Exp MINUS Exp
   47    | . Exp MUL Exp
   48    | . Exp DIV Exp
   49    | . LP Exp RP
   50    | . MINUS Exp
   51    | . NOT Exp
   52    | . ID LP Args RP
   53    | . ID LP RP
   54    | . Exp LB Exp RB
   55    | . Exp DOT ID
   56    | . ID
   57    | . INT
   58    | . FLOAT
   59    | . CHAR

    INT    shift, and go to state 42
    FLOAT  shift, and go to state 43
    CHAR   shift, and go to state 44
    ID     shift, and go to state 45
    MINUS  shift, and go to state 49
    NOT    shift, and go to state 50
    LP     shift, and go to state 51

    Exp  go to state 90


State 62

   28 Stmt: WHILE LP . Exp RP Stmt
   36 Exp: . Exp ASSIGN Exp
   37    | . Exp AND Exp
   38    | . Exp OR Exp
   39    | . Exp LT Exp
   40    | . Exp LE Exp
   41    | . Exp GT Exp
   42    | . Exp GE Exp
   43    | . Exp NE Exp
   44    | . Exp EQ Exp
   45    | . Exp PLUS Exp
   46    | . Exp MINUS Exp
   47    | . Exp MUL Exp
   48    | . Exp DIV Exp
   49    | . LP Exp RP
   50    | . MINUS Exp
   51    | . NOT Exp
   52    | . ID LP Args RP
   53    | . ID LP RP
   54    | . Exp LB Exp RB
   55    | . Exp DOT ID
   56    | . ID
   57    | . INT
   58    | . FLOAT
   59    | . CHAR

    INT    shift, and go to state 42
    FLOAT  shift, and go to state 43
    CHAR   shift, and go to state 44
    ID     shift, and go to state 45
    MINUS  shift, and go to state 49
    NOT    shift, and go to state 50
    LP     shift, and go to state 51

    Exp  go to state 91


State 63

   25 Stmt: RETURN Exp . SEMI
   36 Exp: Exp . ASSIGN Exp
   37    | Exp . AND Exp
   38    | Exp . OR Exp
   39    | Exp . LT Exp
   40    | Exp . LE Exp
   41    | Exp . GT Exp
   42    | Exp . GE Exp
   43    | Exp . NE Exp
   44    | Exp . EQ Exp
   45    | Exp . PLUS Exp
   46    | Exp . MINUS Exp
   47    | Exp . MUL Exp
   48    | Exp . DIV Exp
   54    | Exp . LB Exp RB
   55    | Exp . DOT ID

    SEMI    shift, and go to state 92
    ASSIGN  shift, and go to state 70
    OR      shift, and go to state 71
    AND     shift, and go to state 72
    NE      shift, and go to state 73
    EQ      shift, and go to state 74
    LT      shift, and go to state 75
    LE      shift, and go to state 76
    GT      shift, and go to state 77
    GE      shift, and go to state 78
    PLUS    shift, and go to state 79
    MINUS   shift, and go to state 80
    MUL     shift, and go to state 81
    DIV     shift, and go to state 82
    LB      shift, and go to state 83
    DOT     shift, and go to state 84


State 64

   36 Exp: Exp . ASSIGN Exp
   37    | Exp . AND Exp
   38    | Exp . OR Exp
   39    | Exp . LT Exp
   40    | Exp . LE Exp
   41    | Exp . GT Exp
   42    | Exp . GE Exp
   43    | Exp . NE Exp
   44    | Exp . EQ Exp
   45    | Exp . PLUS Exp
   46    | Exp . MINUS Exp
   47    | Exp . MUL Exp
   48    | Exp . DIV Exp
   50    | MINUS Exp .  [SEMI, COMMA, ASSIGN, OR, AND, NE, EQ, LT, LE, GT, GE, PLUS, MINUS, RP, RB]
   54    | Exp . LB Exp RB
   55    | Exp . DOT ID

    MUL  shift, and go to state 81
    DIV  shift, and go to state 82
    LB   shift, and go to state 83
    DOT  shift, and go to state 84

    $default  reduce using rule 50 (Exp)

    Conflict between rule 50 and token ASSIGN resolved as reduce (ASSIGN < MINUS).
    Conflict between rule 50 and token OR resolved as reduce (OR < MINUS).
    Conflict between rule 50 and token AND resolved as reduce (AND < MINUS).
    Conflict between rule 50 and token NE resolved as reduce (NE < MINUS).
    Conflict between rule 50 and token EQ resolved as reduce (EQ < MINUS).
    Conflict between rule 50 and token LT resolved as reduce (LT < MINUS).
    Conflict between rule 50 and token LE resolved as reduce (LE < MINUS).
    Conflict between rule 50 and token GT resolved as reduce (GT < MINUS).
    Conflict between rule 50 and token GE resolved as reduce (GE < MINUS).
    Conflict between rule 50 and token PLUS resolved as reduce (%left PLUS).
    Conflict between rule 50 and token MINUS resolved as reduce (%left MINUS).
    Conflict between rule 50 and token MUL resolved as shift (MINUS < MUL).
    Conflict between rule 50 and token DIV resolved as shift (MINUS < DIV).
    Conflict between rule 50 and token LB resolved as shift (MINUS < LB).
    Conflict between rule 50 and token DOT resolved as shift (MINUS < DOT).


State 65

   36 Exp: Exp . ASSIGN Exp
   37    | Exp . AND Exp
   38    | Exp . OR Exp
   39    | Exp . LT Exp
   40    | Exp . LE Exp
   41    | Exp . GT Exp
   42    | Exp . GE Exp
   43    | Exp . NE Exp
   44    | Exp . EQ Exp
   45    | Exp . PLUS Exp
   46    | Exp . MINUS Exp
   47    | Exp . MUL Exp
   48    | Exp . DIV Exp
   51    | NOT Exp .  [SEMI, COMMA, ASSIGN, OR, AND, NE, EQ, LT, LE, GT, GE, PLUS, MINUS, MUL, DIV, RP, RB]
   54    | Exp . LB Exp RB
   55    | Exp . DOT ID

    LB   shift, and go to state 83
    DOT  shift, and go to state 84

    $default  reduce using rule 51 (Exp)

    Conflict between rule 51 and token ASSIGN resolved as reduce (ASSIGN < NOT).
    Conflict between rule 51 and token OR resolved as reduce (OR < NOT).
    Conflict between rule 51 and token AND resolved as reduce (AND < NOT).
    Conflict between rule 51 and token NE resolved as reduce (NE < NOT).
    Conflict between rule 51 and token EQ resolved as reduce (EQ < NOT).
    Conflict between rule 51 and token LT resolved as reduce (LT < NOT).
    Conflict between rule 51 and token LE resolved as reduce (LE < NOT).
    Conflict between rule 51 and token GT resolved as reduce (GT < NOT).
    Conflict between rule 51 and token GE resolved as reduce (GE < NOT).
    Conflict between rule 51 and token PLUS resolved as reduce (PLUS < NOT).
    Conflict between rule 51 and token MINUS resolved as reduce (MINUS < NOT).
    Conflict between rule 51 and token MUL resolved as reduce (MUL < NOT).
    Conflict between rule 51 and token DIV resolved as reduce (DIV < NOT).
    Conflict between rule 51 and token LB resolved as shift (NOT < LB).
    Conflict between rule 51 and token DOT resolved as shift (NOT < DOT).


State 66

   36 Exp: Exp . ASSIGN Exp
   37    | Exp . AND Exp
   38    | Exp . OR Exp
   39    | Exp . LT Exp
   40    | Exp . LE Exp
   41    | Exp . GT Exp
   42    | Exp . GE Exp
   43    | Exp . NE Exp
   44    | Exp . EQ Exp
   45    | Exp . PLUS Exp
   46    | Exp . MINUS Exp
   47    | Exp . MUL Exp
   48    | Exp . DIV Exp
   49    | LP Exp . RP
   54    | Exp . LB Exp RB
   55    | Exp . DOT ID

    ASSIGN  shift, and go to state 70
    OR      shift, and go to state 71
    AND     shift, and go to state 72
    NE      shift, and go to state 73
    EQ      shift, and go to state 74
    LT      shift, and go to state 75
    LE      shift, and go to state 76
    GT      shift, and go to state 77
    GE      shift, and go to state 78
    PLUS    shift, and go to state 79
    MINUS   shift, and go to state 80
    MUL     shift, and go to state 81
    DIV     shift, and go to state 82
    RP      shift, and go to state 93
    LB      shift, and go to state 83
    DOT     shift, and go to state 84


State 67

   20 CompSt: LC DefList StmtList RC .

    $default  reduce using rule 20 (CompSt)


State 68

   21 StmtList: Stmt StmtList .

    $default  reduce using rule 21 (StmtList)


State 69

   23 Stmt: Exp SEMI .

    $default  reduce using rule 23 (Stmt)


State 70

   36 Exp: . Exp ASSIGN Exp
   36    | Exp ASSIGN . Exp
   37    | . Exp AND Exp
   38    | . Exp OR Exp
   39    | . Exp LT Exp
   40    | . Exp LE Exp
   41    | . Exp GT Exp
   42    | . Exp GE Exp
   43    | . Exp NE Exp
   44    | . Exp EQ Exp
   45    | . Exp PLUS Exp
   46    | . Exp MINUS Exp
   47    | . Exp MUL Exp
   48    | . Exp DIV Exp
   49    | . LP Exp RP
   50    | . MINUS Exp
   51    | . NOT Exp
   52    | . ID LP Args RP
   53    | . ID LP RP
   54    | . Exp LB Exp RB
   55    | . Exp DOT ID
   56    | . ID
   57    | . INT
   58    | . FLOAT
   59    | . CHAR

    INT    shift, and go to state 42
    FLOAT  shift, and go to state 43
    CHAR   shift, and go to state 44
    ID     shift, and go to state 45
    MINUS  shift, and go to state 49
    NOT    shift, and go to state 50
    LP     shift, and go to state 51

    Exp  go to state 94


State 71

   36 Exp: . Exp ASSIGN Exp
   37    | . Exp AND Exp
   38    | . Exp OR Exp
   38    | Exp OR . Exp
   39    | . Exp LT Exp
   40    | . Exp LE Exp
   41    | . Exp GT Exp
   42    | . Exp GE Exp
   43    | . Exp NE Exp
   44    | . Exp EQ Exp
   45    | . Exp PLUS Exp
   46    | . Exp MINUS Exp
   47    | . Exp MUL Exp
   48    | . Exp DIV Exp
   49    | . LP Exp RP
   50    | . MINUS Exp
   51    | . NOT Exp
   52    | . ID LP Args RP
   53    | . ID LP RP
   54    | . Exp LB Exp RB
   55    | . Exp DOT ID
   56    | . ID
   57    | . INT
   58    | . FLOAT
   59    | . CHAR

    INT    shift, and go to state 42
    FLOAT  shift, and go to state 43
    CHAR   shift, and go to state 44
    ID     shift, and go to state 45
    MINUS  shift, and go to state 49
    NOT    shift, and go to state 50
    LP     shift, and go to state 51

    Exp  go to state 95


State 72

   36 Exp: . Exp ASSIGN Exp
   37    | . Exp AND Exp
   37    | Exp AND . Exp
   38    | . Exp OR Exp
   39    | . Exp LT Exp
   40    | . Exp LE Exp
   41    | . Exp GT Exp
   42    | . Exp GE Exp
   43    | . Exp NE Exp
   44    | . Exp EQ Exp
   45    | . Exp PLUS Exp
   46    | . Exp MINUS Exp
   47    | . Exp MUL Exp
   48    | . Exp DIV Exp
   49    | . LP Exp RP
   50    | . MINUS Exp
   51    | . NOT Exp
   52    | . ID LP Args RP
   53    | . ID LP RP
   54    | . Exp LB Exp RB
   55    | . Exp DOT ID
   56    | . ID
   57    | . INT
   58    | . FLOAT
   59    | . CHAR

    INT    shift, and go to state 42
    FLOAT  shift, and go to state 43
    CHAR   shift, and go to state 44
    ID     shift, and go to state 45
    MINUS  shift, and go to state 49
    NOT    shift, and go to state 50
    LP     shift, and go to state 51

    Exp  go to state 96


State 73

   36 Exp: . Exp ASSIGN Exp
   37    | . Exp AND Exp
   38    | . Exp OR Exp
   39    | . Exp LT Exp
   40    | . Exp LE Exp
   41    | . Exp GT Exp
   42    | . Exp GE Exp
   43    | . Exp NE Exp
   43    | Exp NE . Exp
   44    | . Exp EQ Exp
   45    | . Exp PLUS Exp
   46    | . Exp MINUS Exp
   47    | . Exp MUL Exp
   48    | . Exp DIV Exp
   49    | . LP Exp RP
   50    | . MINUS Exp
   51    | . NOT Exp
   52    | . ID LP Args RP
   53    | . ID LP RP
   54    | . Exp LB Exp RB
   55    | . Exp DOT ID
   56    | . ID
   57    | . INT
   58    | . FLOAT
   59    | . CHAR

    INT    shift, and go to state 42
    FLOAT  shift, and go to state 43
    CHAR   shift, and go to state 44
    ID     shift, and go to state 45
    MINUS  shift, and go to state 49
    NOT    shift, and go to state 50
    LP     shift, and go to state 51

    Exp  go to state 97


State 74

   36 Exp: . Exp ASSIGN Exp
   37    | . Exp AND Exp
   38    | . Exp OR Exp
   39    | . Exp LT Exp
   40    | . Exp LE Exp
   41    | . Exp GT Exp
   42    | . Exp GE Exp
   43    | . Exp NE Exp
   44    | . Exp EQ Exp
   44    | Exp EQ . Exp
   45    | . Exp PLUS Exp
   46    | . Exp MINUS Exp
   47    | . Exp MUL Exp
   48    | . Exp DIV Exp
   49    | . LP Exp RP
   50    | . MINUS Exp
   51    | . NOT Exp
   52    | . ID LP Args RP
   53    | . ID LP RP
   54    | . Exp LB Exp RB
   55    | . Exp DOT ID
   56    | . ID
   57    | . INT
   58    | . FLOAT
   59    | . CHAR

    INT    shift, and go to state 42
    FLOAT  shift, and go to state 43
    CHAR   shift, and go to state 44
    ID     shift, and go to state 45
    MINUS  shift, and go to state 49
    NOT    shift, and go to state 50
    LP     shift, and go to state 51

    Exp  go to state 98


State 75

   36 Exp: . Exp ASSIGN Exp
   37    | . Exp AND Exp
   38    | . Exp OR Exp
   39    | . Exp LT Exp
   39    | Exp LT . Exp
   40    | . Exp LE Exp
   41    | . Exp GT Exp
   42    | . Exp GE Exp
   43    | . Exp NE Exp
   44    | . Exp EQ Exp
   45    | . Exp PLUS Exp
   46    | . Exp MINUS Exp
   47    | . Exp MUL Exp
   48    | . Exp DIV Exp
   49    | . LP Exp RP
   50    | . MINUS Exp
   51    | . NOT Exp
   52    | . ID LP Args RP
   53    | . ID LP RP
   54    | . Exp LB Exp RB
   55    | . Exp DOT ID
   56    | . ID
   57    | . INT
   58    | . FLOAT
   59    | . CHAR

    INT    shift, and go to state 42
    FLOAT  shift, and go to state 43
    CHAR   shift, and go to state 44
    ID     shift, and go to state 45
    MINUS  shift, and go to state 49
    NOT    shift, and go to state 50
    LP     shift, and go to state 51

    Exp  go to state 99


State 76

   36 Exp: . Exp ASSIGN Exp
   37    | . Exp AND Exp
   38    | . Exp OR Exp
   39    | . Exp LT Exp
   40    | . Exp LE Exp
   40    | Exp LE . Exp
   41    | . Exp GT Exp
   42    | . Exp GE Exp
   43    | . Exp NE Exp
   44    | . Exp EQ Exp
   45    | . Exp PLUS Exp
   46    | . Exp MINUS Exp
   47    | . Exp MUL Exp
   48    | . Exp DIV Exp
   49    | . LP Exp RP
   50    | . MINUS Exp
   51    | . NOT Exp
   52    | . ID LP Args RP
   53    | . ID LP RP
   54    | . Exp LB Exp RB
   55    | . Exp DOT ID
   56    | . ID
   57    | . INT
   58    | . FLOAT
   59    | . CHAR

    INT    shift, and go to state 42
    FLOAT  shift, and go to state 43
    CHAR   shift, and go to state 44
    ID     shift, and go to state 45
    MINUS  shift, and go to state 49
    NOT    shift, and go to state 50
    LP     shift, and go to state 51

    Exp  go to state 100


State 77

   36 Exp: . Exp ASSIGN Exp
   37    | . Exp AND Exp
   38    | . Exp OR Exp
   39    | . Exp LT Exp
   40    | . Exp LE Exp
   41    | . Exp GT Exp
   41    | Exp GT . Exp
   42    | . Exp GE Exp
   43    | . Exp NE Exp
   44    | . Exp EQ Exp
   45    | . Exp PLUS Exp
   46    | . Exp MINUS Exp
   47    | . Exp MUL Exp
   48    | . Exp DIV Exp
   49    | . LP Exp RP
   50    | . MINUS Exp
   51    | . NOT Exp
   52    | . ID LP Args RP
   53    | . ID LP RP
   54    | . Exp LB Exp RB
   55    | . Exp DOT ID
   56    | . ID
   57    | . INT
   58    | . FLOAT
   59    | . CHAR

    INT    shift, and go to state 42
    FLOAT  shift, and go to state 43
    CHAR   shift, and go to state 44
    ID     shift, and go to state 45
    MINUS  shift, and go to state 49
    NOT    shift, and go to state 50
    LP     shift, and go to state 51

    Exp  go to state 101


State 78

   36 Exp: . Exp ASSIGN Exp
   37    | . Exp AND Exp
   38    | . Exp OR Exp
   39    | . Exp LT Exp
   40    | . Exp LE Exp
   41    | . Exp GT Exp
   42    | . Exp GE Exp
   42    | Exp GE . Exp
   43    | . Exp NE Exp
   44    | . Exp EQ Exp
   45    | . Exp PLUS Exp
   46    | . Exp MINUS Exp
   47    | . Exp MUL Exp
   48    | . Exp DIV Exp
   49    | . LP Exp RP
   50    | . MINUS Exp
   51    | . NOT Exp
   52    | . ID LP Args RP
   53    | . ID LP RP
   54    | . Exp LB Exp RB
   55    | . Exp DOT ID
   56    | . ID
   57    | . INT
   58    | . FLOAT
   59    | . CHAR

    INT    shift, and go to state 42
    FLOAT  shift, and go to state 43
    CHAR   shift, and go to state 44
    ID     shift, and go to state 45
    MINUS  shift, and go to state 49
    NOT    shift, and go to state 50
    LP     shift, and go to state 51

    Exp  go to state 102


State 79

   36 Exp: . Exp ASSIGN Exp
   37    | . Exp AND Exp
   38    | . Exp OR Exp
   39    | . Exp LT Exp
   40    | . Exp LE Exp
   41    | . Exp GT Exp
   42    | . Exp GE Exp
   43    | . Exp NE Exp
   44    | . Exp EQ Exp
   45    | . Exp PLUS Exp
   45    | Exp PLUS . Exp
   46    | . Exp MINUS Exp
   47    | . Exp MUL Exp
   48    | . Exp DIV Exp
   49    | . LP Exp RP
   50    | . MINUS Exp
   51    | . NOT Exp
   52    | . ID LP Args RP
   53    | . ID LP RP
   54    | . Exp LB Exp RB
   55    | . Exp DOT ID
   56    | . ID
   57    | . INT
   58    | . FLOAT
   59    | . CHAR

    INT    shift, and go to state 42
    FLOAT  shift, and go to state 43
    CHAR   shift, and go to state 44
    ID     shift, and go to state 45
    MINUS  shift, and go to state 49
    NOT    shift, and go to state 50
    LP     shift, and go to state 51

    Exp  go to state 103


State 80

   36 Exp: . Exp ASSIGN Exp
   37    | . Exp AND Exp
   38    | . Exp OR Exp
   39    | . Exp LT Exp
   40    | . Exp LE Exp
   41    | . Exp GT Exp
   42    | . Exp GE Exp
   43    | . Exp NE Exp
   44    | . Exp EQ Exp
   45    | . Exp PLUS Exp
   46    | . Exp MINUS Exp
   46    | Exp MINUS . Exp
   47    | . Exp MUL Exp
   48    | . Exp DIV Exp
   49    | . LP Exp RP
   50    | . MINUS Exp
   51    | . NOT Exp
   52    | . ID LP Args RP
   53    | . ID LP RP
   54    | . Exp LB Exp RB
   55    | . Exp DOT ID
   56    | . ID
   57    | . INT
   58    | . FLOAT
   59    | . CHAR

    INT    shift, and go to state 42
    FLOAT  shift, and go to state 43
    CHAR   shift, and go to state 44
    ID     shift, and go to state 45
    MINUS  shift, and go to state 49
    NOT    shift, and go to state 50
    LP     shift, and go to state 51

    Exp  go to state 104


State 81

   36 Exp: . Exp ASSIGN Exp
   37    | . Exp AND Exp
   38    | . Exp OR Exp
   39    | . Exp LT Exp
   40    | . Exp LE Exp
   41    | . Exp GT Exp
   42    | . Exp GE Exp
   43    | . Exp NE Exp
   44    | . Exp EQ Exp
   45    | . Exp PLUS Exp
   46    | . Exp MINUS Exp
   47    | . Exp MUL Exp
   47    | Exp MUL . Exp
   48    | . Exp DIV Exp
   49    | . LP Exp RP
   50    | . MINUS Exp
   51    | . NOT Exp
   52    | . ID LP Args RP
   53    | . ID LP RP
   54    | . Exp LB Exp RB
   55    | . Exp DOT ID
   56    | . ID
   57    | . INT
   58    | . FLOAT
   59    | . CHAR

    INT    shift, and go to state 42
    FLOAT  shift, and go to state 43
    CHAR   shift, and go to state 44
    ID     shift, and go to state 45
    MINUS  shift, and go to state 49
    NOT    shift, and go to state 50
    LP     shift, and go to state 51

    Exp  go to state 105


State 82

   36 Exp: . Exp ASSIGN Exp
   37    | . Exp AND Exp
   38    | . Exp OR Exp
   39    | . Exp LT Exp
   40    | . Exp LE Exp
   41    | . Exp GT Exp
   42    | . Exp GE Exp
   43    | . Exp NE Exp
   44    | . Exp EQ Exp
   45    | . Exp PLUS Exp
   46    | . Exp MINUS Exp
   47    | . Exp MUL Exp
   48    | . Exp DIV Exp
   48    | Exp DIV . Exp
   49    | . LP Exp RP
   50    | . MINUS Exp
   51    | . NOT Exp
   52    | . ID LP Args RP
   53    | . ID LP RP
   54    | . Exp LB Exp RB
   55    | . Exp DOT ID
   56    | . ID
   57    | . INT
   58    | . FLOAT
   59    | . CHAR

    INT    shift, and go to state 42
    FLOAT  shift, and go to state 43
    CHAR   shift, and go to state 44
    ID     shift, and go to state 45
    MINUS  shift, and go to state 49
    NOT    shift, and go to state 50
    LP     shift, and go to state 51

    Exp  go to state 106


State 83

   36 Exp: . Exp ASSIGN Exp
   37    | . Exp AND Exp
   38    | . Exp OR Exp
   39    | . Exp LT Exp
   40    | . Exp LE Exp
   41    | . Exp GT Exp
   42    | . Exp GE Exp
   43    | . Exp NE Exp
   44    | . Exp EQ Exp
   45    | . Exp PLUS Exp
   46    | . Exp MINUS Exp
   47    | . Exp MUL Exp
   48    | . Exp DIV Exp
   49    | . LP Exp RP
   50    | . MINUS Exp
   51    | . NOT Exp
   52    | . ID LP Args RP
   53    | . ID LP RP
   54    | . Exp LB Exp RB
   54    | Exp LB . Exp RB
   55    | . Exp DOT ID
   56    | . ID
   57    | . INT
   58    | . FLOAT
   59    | . CHAR

    INT    shift, and go to state 42
    FLOAT  shift, and go to state 43
    CHAR   shift, and go to state 44
    ID     shift, and go to state 45
    MINUS  shift, and go to state 49
    NOT    shift, and go to state 50
    LP     shift, and go to state 51

    Exp  go to state 107


State 84

   55 Exp: Exp DOT . ID

    ID  shift, and go to state 108


State 85

   35 Dec: VarDec ASSIGN Exp .  [SEMI, COMMA]
   36 Exp: Exp . ASSIGN Exp
   37    | Exp . AND Exp
   38    | Exp . OR Exp
   39    | Exp . LT Exp
   40    | Exp . LE Exp
   41    | Exp . GT Exp
   42    | Exp . GE Exp
   43    | Exp . NE Exp
   44    | Exp . EQ Exp
   45    | Exp . PLUS Exp
   46    | Exp . MINUS Exp
   47    | Exp . MUL Exp
   48    | Exp . DIV Exp
   54    | Exp . LB Exp RB
   55    | Exp . DOT ID

    ASSIGN  shift, and go to state 70
    OR      shift, and go to state 71
    AND     shift, and go to state 72
    NE      shift, and go to state 73
    EQ      shift, and go to state 74
    LT      shift, and go to state 75
    LE      shift, and go to state 76
    GT      shift, and go to state 77
    GE      shift, and go to state 78
    PLUS    shift, and go to state 79
    MINUS   shift, and go to state 80
    MUL     shift, and go to state 81
    DIV     shift, and go to state 82
    LB      shift, and go to state 83
    DOT     shift, and go to state 84

    $default  reduce using rule 35 (Dec)


State 86

   33 DecList: Dec COMMA DecList .

    $default  reduce using rule 33 (DecList)


State 87

   53 Exp: ID LP RP .

    $default  reduce using rule 53 (Exp)


State 88

   36 Exp: Exp . ASSIGN Exp
   37    | Exp . AND Exp
   38    | Exp . OR Exp
   39    | Exp . LT Exp
   40    | Exp . LE Exp
   41    | Exp . GT Exp
   42    | Exp . GE Exp
   43    | Exp . NE Exp
   44    | Exp . EQ Exp
   45    | Exp . PLUS Exp
   46    | Exp . MINUS Exp
   47    | Exp . MUL Exp
   48    | Exp . DIV Exp
   54    | Exp . LB Exp RB
   55    | Exp . DOT ID
   60 Args: Exp . COMMA Args
   61     | Exp .  [RP]

    COMMA   shift, and go to state 109
    ASSIGN  shift, and go to state 70
    OR      shift, and go to state 71
    AND     shift, and go to state 72
    NE      shift, and go to state 73
    EQ      shift, and go to state 74
    LT      shift, and go to state 75
    LE      shift, and go to state 76
    GT      shift, and go to state 77
    GE      shift, and go to state 78
    PLUS    shift, and go to state 79
    MINUS   shift, and go to state 80
    MUL     shift, and go to state 81
    DIV     shift, and go to state 82
    LB      shift, and go to state 83
    DOT     shift, and go to state 84

    $default  reduce using rule 61 (Args)


State 89

   52 Exp: ID LP Args . RP

    RP  shift, and go to state 110


State 90

   26 Stmt: IF LP Exp . RP Stmt
   27     | IF LP Exp . RP Stmt ELSE Stmt
   36 Exp: Exp . ASSIGN Exp
   37    | Exp . AND Exp
   38    | Exp . OR Exp
   39    | Exp . LT Exp
   40    | Exp . LE Exp
   41    | Exp . GT Exp
   42    | Exp . GE Exp
   43    | Exp . NE Exp
   44    | Exp . EQ Exp
   45    | Exp . PLUS Exp
   46    | Exp . MINUS Exp
   47    | Exp . MUL Exp
   48    | Exp . DIV Exp
   54    | Exp . LB Exp RB
   55    | Exp . DOT ID

    ASSIGN  shift, and go to state 70
    OR      shift, and go to state 71
    AND     shift, and go to state 72
    NE      shift, and go to state 73
    EQ      shift, and go to state 74
    LT      shift, and go to state 75
    LE      shift, and go to state 76
    GT      shift, and go to state 77
    GE      shift, and go to state 78
    PLUS    shift, and go to state 79
    MINUS   shift, and go to state 80
    MUL     shift, and go to state 81
    DIV     shift, and go to state 82
    RP      shift, and go to state 111
    LB      shift, and go to state 83
    DOT     shift, and go to state 84


State 91

   28 Stmt: WHILE LP Exp . RP Stmt
   36 Exp: Exp . ASSIGN Exp
   37    | Exp . AND Exp
   38    | Exp . OR Exp
   39    | Exp . LT Exp
   40    | Exp . LE Exp
   41    | Exp . GT Exp
   42    | Exp . GE Exp
   43    | Exp . NE Exp
   44    | Exp . EQ Exp
   45    | Exp . PLUS Exp
   46    | Exp . MINUS Exp
   47    | Exp . MUL Exp
   48    | Exp . DIV Exp
   54    | Exp . LB Exp RB
   55    | Exp . DOT ID

    ASSIGN  shift, and go to state 70
    OR      shift, and go to state 71
    AND     shift, and go to state 72
    NE      shift, and go to state 73
    EQ      shift, and go to state 74
    LT      shift, and go to state 75
    LE      shift, and go to state 76
    GT      shift, and go to state 77
    GE      shift, and go to state 78
    PLUS    shift, and go to state 79
    MINUS   shift, and go to state 80
    MUL     shift, and go to state 81
    DIV     shift, and go to state 82
    RP      shift, and go to state 112
    LB      shift, and go to state 83
    DOT     shift, and go to state 84


State 92

   25 Stmt: RETURN Exp SEMI .

    $default  reduce using rule 25 (Stmt)


State 93

   49 Exp: LP Exp RP .

    $default  reduce using rule 49 (Exp)


State 94

   36 Exp: Exp . ASSIGN Exp
   36    | Exp ASSIGN Exp .  [SEMI, COMMA, RP, RB]
   37    | Exp . AND Exp
   38    | Exp . OR Exp
   39    | Exp . LT Exp
   40    | Exp . LE Exp
   41    | Exp . GT Exp
   42    | Exp . GE Exp
   43    | Exp . NE Exp
   44    | Exp . EQ Exp
   45    | Exp . PLUS Exp
   46    | Exp . MINUS Exp
   47    | Exp . MUL Exp
   48    | Exp . DIV Exp
   54    | Exp . LB Exp RB
   55    | Exp . DOT ID

    ASSIGN  shift, and go to state 70
    OR      shift, and go to state 71
    AND     shift, and go to state 72
    NE      shift, and go to state 73
    EQ      shift, and go to state 74
    LT      shift, and go to state 75
    LE      shift, and go to state 76
    GT      shift, and go to state 77
    GE      shift, and go to state 78
    PLUS    shift, and go to state 79
    MINUS   shift, and go to state 80
    MUL     shift, and go to state 81
    DIV     shift, and go to state 82
    LB      shift, and go to state 83
    DOT     shift, and go to state 84

    $default  reduce using rule 36 (Exp)

    Conflict between rule 36 and token ASSIGN resolved as shift (%right ASSIGN).
    Conflict between rule 36 and token OR resolved as shift (ASSIGN < OR).
    Conflict between rule 36 and token AND resolved as shift (ASSIGN < AND).
    Conflict between rule 36 and token NE resolved as shift (ASSIGN < NE).
    Conflict between rule 36 and token EQ resolved as shift (ASSIGN < EQ).
    Conflict between rule 36 and token LT resolved as shift (ASSIGN < LT).
    Conflict between rule 36 and token LE resolved as shift (ASSIGN < LE).
    Conflict between rule 36 and token GT resolved as shift (ASSIGN < GT).
    Conflict between rule 36 and token GE resolved as shift (ASSIGN < GE).
    Conflict between rule 36 and token PLUS resolved as shift (ASSIGN < PLUS).
    Conflict between rule 36 and token MINUS resolved as shift (ASSIGN < MINUS).
    Conflict between rule 36 and token MUL resolved as shift (ASSIGN < MUL).
    Conflict between rule 36 and token DIV resolved as shift (ASSIGN < DIV).
    Conflict between rule 36 and token LB resolved as shift (ASSIGN < LB).
    Conflict between rule 36 and token DOT resolved as shift (ASSIGN < DOT).


State 95

   36 Exp: Exp . ASSIGN Exp
   37    | Exp . AND Exp
   38    | Exp . OR Exp
   38    | Exp OR Exp .  [SEMI, COMMA, ASSIGN, OR, RP, RB]
   39    | Exp . LT Exp
   40    | Exp . LE Exp
   41    | Exp . GT Exp
   42    | Exp . GE Exp
   43    | Exp . NE Exp
   44    | Exp . EQ Exp
   45    | Exp . PLUS Exp
   46    | Exp . MINUS Exp
   47    | Exp . MUL Exp
   48    | Exp . DIV Exp
   54    | Exp . LB Exp RB
   55    | Exp . DOT ID

    AND    shift, and go to state 72
    NE     shift, and go to state 73
    EQ     shift, and go to state 74
    LT     shift, and go to state 75
    LE     shift, and go to state 76
    GT     shift, and go to state 77
    GE     shift, and go to state 78
    PLUS   shift, and go to state 79
    MINUS  shift, and go to state 80
    MUL    shift, and go to state 81
    DIV    shift, and go to state 82
    LB     shift, and go to state 83
    DOT    shift, and go to state 84

    $default  reduce using rule 38 (Exp)

    Conflict between rule 38 and token ASSIGN resolved as reduce (ASSIGN < OR).
    Conflict between rule 38 and token OR resolved as reduce (%left OR).
    Conflict between rule 38 and token AND resolved as shift (OR < AND).
    Conflict between rule 38 and token NE resolved as shift (OR < NE).
    Conflict between rule 38 and token EQ resolved as shift (OR < EQ).
    Conflict between rule 38 and token LT resolved as shift (OR < LT).
    Conflict between rule 38 and token LE resolved as shift (OR < LE).
    Conflict between rule 38 and token GT resolved as shift (OR < GT).
    Conflict between rule 38 and token GE resolved as shift (OR < GE).
    Conflict between rule 38 and token PLUS resolved as shift (OR < PLUS).
    Conflict between rule 38 and token MINUS resolved as shift (OR < MINUS).
    Conflict between rule 38 and token MUL resolved as shift (OR < MUL).
    Conflict between rule 38 and token DIV resolved as shift (OR < DIV).
    Conflict between rule 38 and token LB resolved as shift (OR < LB).
    Conflict between rule 38 and token DOT resolved as shift (OR < DOT).


State 96

   36 Exp: Exp . ASSIGN Exp
   37    | Exp . AND Exp
   37    | Exp AND Exp .  [SEMI, COMMA, ASSIGN, OR, AND, RP, RB]
   38    | Exp . OR Exp
   39    | Exp . LT Exp
   40    | Exp . LE Exp
   41    | Exp . GT Exp
   42    | Exp . GE Exp
   43    | Exp . NE Exp
   44    | Exp . EQ Exp
   45    | Exp . PLUS Exp
   46    | Exp . MINUS Exp
   47    | Exp . MUL Exp
   48    | Exp . DIV Exp
   54    | Exp . LB Exp RB
   55    | Exp . DOT ID

    NE     shift, and go to state 73
    EQ     shift, and go to state 74
    LT     shift, and go to state 75
    LE     shift, and go to state 76
    GT     shift, and go to state 77
    GE     shift, and go to state 78
    PLUS   shift, and go to state 79
    MINUS  shift, and go to state 80
    MUL    shift, and go to state 81
    DIV    shift, and go to state 82
    LB     shift, and go to state 83
    DOT    shift, and go to state 84

    $default  reduce using rule 37 (Exp)

    Conflict between rule 37 and token ASSIGN resolved as reduce (ASSIGN < AND).
    Conflict between rule 37 and token OR resolved as reduce (OR < AND).
    Conflict between rule 37 and token AND resolved as reduce (%left AND).
    Conflict between rule 37 and token NE resolved as shift (AND < NE).
    Conflict between rule 37 and token EQ resolved as shift (AND < EQ).
    Conflict between rule 37 and token LT resolved as shift (AND < LT).
    Conflict between rule 37 and token LE resolved as shift (AND < LE).
    Conflict between rule 37 and token GT resolved as shift (AND < GT).
    Conflict between rule 37 and token GE resolved as shift (AND < GE).
    Conflict between rule 37 and token PLUS resolved as shift (AND < PLUS).
    Conflict between rule 37 and token MINUS resolved as shift (AND < MINUS).
    Conflict between rule 37 and token MUL resolved as shift (AND < MUL).
    Conflict between rule 37 and token DIV resolved as shift (AND < DIV).
    Conflict between rule 37 and token LB resolved as shift (AND < LB).
    Conflict between rule 37 and token DOT resolved as shift (AND < DOT).


State 97

   36 Exp: Exp . ASSIGN Exp
   37    | Exp . AND Exp
   38    | Exp . OR Exp
   39    | Exp . LT Exp
   40    | Exp . LE Exp
   41    | Exp . GT Exp
   42    | Exp . GE Exp
   43    | Exp . NE Exp
   43    | Exp NE Exp .  [SEMI, COMMA, ASSIGN, OR, AND, NE, EQ, RP, RB]
   44    | Exp . EQ Exp
   45    | Exp . PLUS Exp
   46    | Exp . MINUS Exp
   47    | Exp . MUL Exp
   48    | Exp . DIV Exp
   54    | Exp . LB Exp RB
   55    | Exp . DOT ID

    LT     shift, and go to state 75
    LE     shift, and go to state 76
    GT     shift, and go to state 77
    GE     shift, and go to state 78
    PLUS   shift, and go to state 79
    MINUS  shift, and go to state 80
    MUL    shift, and go to state 81
    DIV    shift, and go to state 82
    LB     shift, and go to state 83
    DOT    shift, and go to state 84

    $default  reduce using rule 43 (Exp)

    Conflict between rule 43 and token ASSIGN resolved as reduce (ASSIGN < NE).
    Conflict between rule 43 and token OR resolved as reduce (OR < NE).
    Conflict between rule 43 and token AND resolved as reduce (AND < NE).
    Conflict between rule 43 and token NE resolved as reduce (%left NE).
    Conflict between rule 43 and token EQ resolved as reduce (%left EQ).
    Conflict between rule 43 and token LT resolved as shift (NE < LT).
    Conflict between rule 43 and token LE resolved as shift (NE < LE).
    Conflict between rule 43 and token GT resolved as shift (NE < GT).
    Conflict between rule 43 and token GE resolved as shift (NE < GE).
    Conflict between rule 43 and token PLUS resolved as shift (NE < PLUS).
    Conflict between rule 43 and token MINUS resolved as shift (NE < MINUS).
    Conflict between rule 43 and token MUL resolved as shift (NE < MUL).
    Conflict between rule 43 and token DIV resolved as shift (NE < DIV).
    Conflict between rule 43 and token LB resolved as shift (NE < LB).
    Conflict between rule 43 and token DOT resolved as shift (NE < DOT).


State 98

   36 Exp: Exp . ASSIGN Exp
   37    | Exp . AND Exp
   38    | Exp . OR Exp
   39    | Exp . LT Exp
   40    | Exp . LE Exp
   41    | Exp . GT Exp
   42    | Exp . GE Exp
   43    | Exp . NE Exp
   44    | Exp . EQ Exp
   44    | Exp EQ Exp .  [SEMI, COMMA, ASSIGN, OR, AND, NE, EQ, RP, RB]
   45    | Exp . PLUS Exp
   46    | Exp . MINUS Exp
   47    | Exp . MUL Exp
   48    | Exp . DIV Exp
   54    | Exp . LB Exp RB
   55    | Exp . DOT ID

    LT     shift, and go to state 75
    LE     shift, and go to state 76
    GT     shift, and go to state 77
    GE     shift, and go to state 78
    PLUS   shift, and go to state 79
    MINUS  shift, and go to state 80
    MUL    shift, and go to state 81
    DIV    shift, and go to state 82
    LB     shift, and go to state 83
    DOT    shift, and go to state 84

    $default  reduce using rule 44 (Exp)

    Conflict between rule 44 and token ASSIGN resolved as reduce (ASSIGN < EQ).
    Conflict between rule 44 and token OR resolved as reduce (OR < EQ).
    Conflict between rule 44 and token AND resolved as reduce (AND < EQ).
    Conflict between rule 44 and token NE resolved as reduce (%left NE).
    Conflict between rule 44 and token EQ resolved as reduce (%left EQ).
    Conflict between rule 44 and token LT resolved as shift (EQ < LT).
    Conflict between rule 44 and token LE resolved as shift (EQ < LE).
    Conflict between rule 44 and token GT resolved as shift (EQ < GT).
    Conflict between rule 44 and token GE resolved as shift (EQ < GE).
    Conflict between rule 44 and token PLUS resolved as shift (EQ < PLUS).
    Conflict between rule 44 and token MINUS resolved as shift (EQ < MINUS).
    Conflict between rule 44 and token MUL resolved as shift (EQ < MUL).
    Conflict between rule 44 and token DIV resolved as shift (EQ < DIV).
    Conflict between rule 44 and token LB resolved as shift (EQ < LB).
    Conflict between rule 44 and token DOT resolved as shift (EQ < DOT).


State 99

   36 Exp: Exp . ASSIGN Exp
   37    | Exp . AND Exp
   38    | Exp . OR Exp
   39    | Exp . LT Exp
   39    | Exp LT Exp .  [SEMI, COMMA, ASSIGN, OR, AND, NE, EQ, LT, LE, GT, GE, RP, RB]
   40    | Exp . LE Exp
   41    | Exp . GT Exp
   42    | Exp . GE Exp
   43    | Exp . NE Exp
   44    | Exp . EQ Exp
   45    | Exp . PLUS Exp
   46    | Exp . MINUS Exp
   47    | Exp . MUL Exp
   48    | Exp . DIV Exp
   54    | Exp . LB Exp RB
   55    | Exp . DOT ID

    PLUS   shift, and go to state 79
    MINUS  shift, and go to state 80
    MUL    shift, and go to state 81
    DIV    shift, and go to state 82
    LB     shift, and go to state 83
    DOT    shift, and go to state 84

    $default  reduce using rule 39 (Exp)

    Conflict between rule 39 and token ASSIGN resolved as reduce (ASSIGN < LT).
    Conflict between rule 39 and token OR resolved as reduce (OR < LT).
    Conflict between rule 39 and token AND resolved as reduce (AND < LT).
    Conflict between rule 39 and token NE resolved as reduce (NE < LT).
    Conflict between rule 39 and token EQ resolved as reduce (EQ < LT).
    Conflict between rule 39 and token LT resolved as reduce (%left LT).
    Conflict between rule 39 and token LE resolved as reduce (%left LE).
    Conflict between rule 39 and token GT resolved as reduce (%left GT).
    Conflict between rule 39 and token GE resolved as reduce (%left GE).
    Conflict between rule 39 and token PLUS resolved as shift (LT < PLUS).
    Conflict between rule 39 and token MINUS resolved as shift (LT < MINUS).
    Conflict between rule 39 and token MUL resolved as shift (LT < MUL).
    Conflict between rule 39 and token DIV resolved as shift (LT < DIV).
    Conflict between rule 39 and token LB resolved as shift (LT < LB).
    Conflict between rule 39 and token DOT resolved as shift (LT < DOT).


State 100

   36 Exp: Exp . ASSIGN Exp
   37    | Exp . AND Exp
   38    | Exp . OR Exp
   39    | Exp . LT Exp
   40    | Exp . LE Exp
   40    | Exp LE Exp .  [SEMI, COMMA, ASSIGN, OR, AND, NE, EQ, LT, LE, GT, GE, RP, RB]
   41    | Exp . GT Exp
   42    | Exp . GE Exp
   43    | Exp . NE Exp
   44    | Exp . EQ Exp
   45    | Exp . PLUS Exp
   46    | Exp . MINUS Exp
   47    | Exp . MUL Exp
   48    | Exp . DIV Exp
   54    | Exp . LB Exp RB
   55    | Exp . DOT ID

    PLUS   shift, and go to state 79
    MINUS  shift, and go to state 80
    MUL    shift, and go to state 81
    DIV    shift, and go to state 82
    LB     shift, and go to state 83
    DOT    shift, and go to state 84

    $default  reduce using rule 40 (Exp)

    Conflict between rule 40 and token ASSIGN resolved as reduce (ASSIGN < LE).
    Conflict between rule 40 and token OR resolved as reduce (OR < LE).
    Conflict between rule 40 and token AND resolved as reduce (AND < LE).
    Conflict between rule 40 and token NE resolved as reduce (NE < LE).
    Conflict between rule 40 and token EQ resolved as reduce (EQ < LE).
    Conflict between rule 40 and token LT resolved as reduce (%left LT).
    Conflict between rule 40 and token LE resolved as reduce (%left LE).
    Conflict between rule 40 and token GT resolved as reduce (%left GT).
    Conflict between rule 40 and token GE resolved as reduce (%left GE).
    Conflict between rule 40 and token PLUS resolved as shift (LE < PLUS).
    Conflict between rule 40 and token MINUS resolved as shift (LE < MINUS).
    Conflict between rule 40 and token MUL resolved as shift (LE < MUL).
    Conflict between rule 40 and token DIV resolved as shift (LE < DIV).
    Conflict between rule 40 and token LB resolved as shift (LE < LB).
    Conflict between rule 40 and token DOT resolved as shift (LE < DOT).


State 101

   36 Exp: Exp . ASSIGN Exp
   37    | Exp . AND Exp
   38    | Exp . OR Exp
   39    | Exp . LT Exp
   40    | Exp . LE Exp
   41    | Exp . GT Exp
   41    | Exp GT Exp .  [SEMI, COMMA, ASSIGN, OR, AND, NE, EQ, LT, LE, GT, GE, RP, RB]
   42    | Exp . GE Exp
   43    | Exp . NE Exp
   44    | Exp . EQ Exp
   45    | Exp . PLUS Exp
   46    | Exp . MINUS Exp
   47    | Exp . MUL Exp
   48    | Exp . DIV Exp
   54    | Exp . LB Exp RB
   55    | Exp . DOT ID

    PLUS   shift, and go to state 79
    MINUS  shift, and go to state 80
    MUL    shift, and go to state 81
    DIV    shift, and go to state 82
    LB     shift, and go to state 83
    DOT    shift, and go to state 84

    $default  reduce using rule 41 (Exp)

    Conflict between rule 41 and token ASSIGN resolved as reduce (ASSIGN < GT).
    Conflict between rule 41 and token OR resolved as reduce (OR < GT).
    Conflict between rule 41 and token AND resolved as reduce (AND < GT).
    Conflict between rule 41 and token NE resolved as reduce (NE < GT).
    Conflict between rule 41 and token EQ resolved as reduce (EQ < GT).
    Conflict between rule 41 and token LT resolved as reduce (%left LT).
    Conflict between rule 41 and token LE resolved as reduce (%left LE).
    Conflict between rule 41 and token GT resolved as reduce (%left GT).
    Conflict between rule 41 and token GE resolved as reduce (%left GE).
    Conflict between rule 41 and token PLUS resolved as shift (GT < PLUS).
    Conflict between rule 41 and token MINUS resolved as shift (GT < MINUS).
    Conflict between rule 41 and token MUL resolved as shift (GT < MUL).
    Conflict between rule 41 and token DIV resolved as shift (GT < DIV).
    Conflict between rule 41 and token LB resolved as shift (GT < LB).
    Conflict between rule 41 and token DOT resolved as shift (GT < DOT).


State 102

   36 Exp: Exp . ASSIGN Exp
   37    | Exp . AND Exp
   38    | Exp . OR Exp
   39    | Exp . LT Exp
   40    | Exp . LE Exp
   41    | Exp . GT Exp
   42    | Exp . GE Exp
   42    | Exp GE Exp .  [SEMI, COMMA, ASSIGN, OR, AND, NE, EQ, LT, LE, GT, GE, RP, RB]
   43    | Exp . NE Exp
   44    | Exp . EQ Exp
   45    | Exp . PLUS Exp
   46    | Exp . MINUS Exp
   47    | Exp . MUL Exp
   48    | Exp . DIV Exp
   54    | Exp . LB Exp RB
   55    | Exp . DOT ID

    PLUS   shift, and go to state 79
    MINUS  shift, and go to state 80
    MUL    shift, and go to state 81
    DIV    shift, and go to state 82
    LB     shift, and go to state 83
    DOT    shift, and go to state 84

    $default  reduce using rule 42 (Exp)

    Conflict between rule 42 and token ASSIGN resolved as reduce (ASSIGN < GE).
    Conflict between rule 42 and token OR resolved as reduce (OR < GE).
    Conflict between rule 42 and token AND resolved as reduce (AND < GE).
    Conflict between rule 42 and token NE resolved as reduce (NE < GE).
    Conflict between rule 42 and token EQ resolved as reduce (EQ < GE).
    Conflict between rule 42 and token LT resolved as reduce (%left LT).
    Conflict between rule 42 and token LE resolved as reduce (%left LE).
    Conflict between rule 42 and token GT resolved as reduce (%left GT).
    Conflict between rule 42 and token GE resolved as reduce (%left GE).
    Conflict between rule 42 and token PLUS resolved as shift (GE < PLUS).
    Conflict between rule 42 and token MINUS resolved as shift (GE < MINUS).
    Conflict between rule 42 and token MUL resolved as shift (GE < MUL).
    Conflict between rule 42 and token DIV resolved as shift (GE < DIV).
    Conflict between rule 42 and token LB resolved as shift (GE < LB).
    Conflict between rule 42 and token DOT resolved as shift (GE < DOT).


State 103

   36 Exp: Exp . ASSIGN Exp
   37    | Exp . AND Exp
   38    | Exp . OR Exp
   39    | Exp . LT Exp
   40    | Exp . LE Exp
   41    | Exp . GT Exp
   42    | Exp . GE Exp
   43    | Exp . NE Exp
   44    | Exp . EQ Exp
   45    | Exp . PLUS Exp
   45    | Exp PLUS Exp .  [SEMI, COMMA, ASSIGN, OR, AND, NE, EQ, LT, LE, GT, GE, PLUS, MINUS, RP, RB]
   46    | Exp . MINUS Exp
   47    | Exp . MUL Exp
   48    | Exp . DIV Exp
   54    | Exp . LB Exp RB
   55    | Exp . DOT ID

    MUL  shift, and go to state 81
    DIV  shift, and go to state 82
    LB   shift, and go to state 83
    DOT  shift, and go to state 84

    $default  reduce using rule 45 (Exp)

    Conflict between rule 45 and token ASSIGN resolved as reduce (ASSIGN < PLUS).
    Conflict between rule 45 and token OR resolved as reduce (OR < PLUS).
    Conflict between rule 45 and token AND resolved as reduce (AND < PLUS).
    Conflict between rule 45 and token NE resolved as reduce (NE < PLUS).
    Conflict between rule 45 and token EQ resolved as reduce (EQ < PLUS).
    Conflict between rule 45 and token LT resolved as reduce (LT < PLUS).
    Conflict between rule 45 and token LE resolved as reduce (LE < PLUS).
    Conflict between rule 45 and token GT resolved as reduce (GT < PLUS).
    Conflict between rule 45 and token GE resolved as reduce (GE < PLUS).
    Conflict between rule 45 and token PLUS resolved as reduce (%left PLUS).
    Conflict between rule 45 and token MINUS resolved as reduce (%left MINUS).
    Conflict between rule 45 and token MUL resolved as shift (PLUS < MUL).
    Conflict between rule 45 and token DIV resolved as shift (PLUS < DIV).
    Conflict between rule 45 and token LB resolved as shift (PLUS < LB).
    Conflict between rule 45 and token DOT resolved as shift (PLUS < DOT).


State 104

   36 Exp: Exp . ASSIGN Exp
   37    | Exp . AND Exp
   38    | Exp . OR Exp
   39    | Exp . LT Exp
   40    | Exp . LE Exp
   41    | Exp . GT Exp
   42    | Exp . GE Exp
   43    | Exp . NE Exp
   44    | Exp . EQ Exp
   45    | Exp . PLUS Exp
   46    | Exp . MINUS Exp
   46    | Exp MINUS Exp .  [SEMI, COMMA, ASSIGN, OR, AND, NE, EQ, LT, LE, GT, GE, PLUS, MINUS, RP, RB]
   47    | Exp . MUL Exp
   48    | Exp . DIV Exp
   54    | Exp . LB Exp RB
   55    | Exp . DOT ID

    MUL  shift, and go to state 81
    DIV  shift, and go to state 82
    LB   shift, and go to state 83
    DOT  shift, and go to state 84

    $default  reduce using rule 46 (Exp)

    Conflict between rule 46 and token ASSIGN resolved as reduce (ASSIGN < MINUS).
    Conflict between rule 46 and token OR resolved as reduce (OR < MINUS).
    Conflict between rule 46 and token AND resolved as reduce (AND < MINUS).
    Conflict between rule 46 and token NE resolved as reduce (NE < MINUS).
    Conflict between rule 46 and token EQ resolved as reduce (EQ < MINUS).
    Conflict between rule 46 and token LT resolved as reduce (LT < MINUS).
    Conflict between rule 46 and token LE resolved as reduce (LE < MINUS).
    Conflict between rule 46 and token GT resolved as reduce (GT < MINUS).
    Conflict between rule 46 and token GE resolved as reduce (GE < MINUS).
    Conflict between rule 46 and token PLUS resolved as reduce (%left PLUS).
    Conflict between rule 46 and token MINUS resolved as reduce (%left MINUS).
    Conflict between rule 46 and token MUL resolved as shift (MINUS < MUL).
    Conflict between rule 46 and token DIV resolved as shift (MINUS < DIV).
    Conflict between rule 46 and token LB resolved as shift (MINUS < LB).
    Conflict between rule 46 and token DOT resolved as shift (MINUS < DOT).


State 105

   36 Exp: Exp . ASSIGN Exp
   37    | Exp . AND Exp
   38    | Exp . OR Exp
   39    | Exp . LT Exp
   40    | Exp . LE Exp
   41    | Exp . GT Exp
   42    | Exp . GE Exp
   43    | Exp . NE Exp
   44    | Exp . EQ Exp
   45    | Exp . PLUS Exp
   46    | Exp . MINUS Exp
   47    | Exp . MUL Exp
   47    | Exp MUL Exp .  [SEMI, COMMA, ASSIGN, OR, AND, NE, EQ, LT, LE, GT, GE, PLUS, MINUS, MUL, DIV, RP, RB]
   48    | Exp . DIV Exp
   54    | Exp . LB Exp RB
   55    | Exp . DOT ID

    LB   shift, and go to state 83
    DOT  shift, and go to state 84

    $default  reduce using rule 47 (Exp)

    Conflict between rule 47 and token ASSIGN resolved as reduce (ASSIGN < MUL).
    Conflict between rule 47 and token OR resolved as reduce (OR < MUL).
    Conflict between rule 47 and token AND resolved as reduce (AND < MUL).
    Conflict between rule 47 and token NE resolved as reduce (NE < MUL).
    Conflict between rule 47 and token EQ resolved as reduce (EQ < MUL).
    Conflict between rule 47 and token LT resolved as reduce (LT < MUL).
    Conflict between rule 47 and token LE resolved as reduce (LE < MUL).
    Conflict between rule 47 and token GT resolved as reduce (GT < MUL).
    Conflict between rule 47 and token GE resolved as reduce (GE < MUL).
    Conflict between rule 47 and token PLUS resolved as reduce (PLUS < MUL).
    Conflict between rule 47 and token MINUS resolved as reduce (MINUS < MUL).
    Conflict between rule 47 and token MUL resolved as reduce (%left MUL).
    Conflict between rule 47 and token DIV resolved as reduce (%left DIV).
    Conflict between rule 47 and token LB resolved as shift (MUL < LB).
    Conflict between rule 47 and token DOT resolved as shift (MUL < DOT).


State 106

   36 Exp: Exp . ASSIGN Exp
   37    | Exp . AND Exp
   38    | Exp . OR Exp
   39    | Exp . LT Exp
   40    | Exp . LE Exp
   41    | Exp . GT Exp
   42    | Exp . GE Exp
   43    | Exp . NE Exp
   44    | Exp . EQ Exp
   45    | Exp . PLUS Exp
   46    | Exp . MINUS Exp
   47    | Exp . MUL Exp
   48    | Exp . DIV Exp
   48    | Exp DIV Exp .  [SEMI, COMMA, ASSIGN, OR, AND, NE, EQ, LT, LE, GT, GE, PLUS, MINUS, MUL, DIV, RP, RB]
   54    | Exp . LB Exp RB
   55    | Exp . DOT ID

    LB   shift, and go to state 83
    DOT  shift, and go to state 84

    $default  reduce using rule 48 (Exp)

    Conflict between rule 48 and token ASSIGN resolved as reduce (ASSIGN < DIV).
    Conflict between rule 48 and token OR resolved as reduce (OR < DIV).
    Conflict between rule 48 and token AND resolved as reduce (AND < DIV).
    Conflict between rule 48 and token NE resolved as reduce (NE < DIV).
    Conflict between rule 48 and token EQ resolved as reduce (EQ < DIV).
    Conflict between rule 48 and token LT resolved as reduce (LT < DIV).
    Conflict between rule 48 and token LE resolved as reduce (LE < DIV).
    Conflict between rule 48 and token GT resolved as reduce (GT < DIV).
    Conflict between rule 48 and token GE resolved as reduce (GE < DIV).
    Conflict between rule 48 and token PLUS resolved as reduce (PLUS < DIV).
    Conflict between rule 48 and token MINUS resolved as reduce (MINUS < DIV).
    Conflict between rule 48 and token MUL resolved as reduce (%left MUL).
    Conflict between rule 48 and token DIV resolved as reduce (%left DIV).
    Conflict between rule 48 and token LB resolved as shift (DIV < LB).
    Conflict between rule 48 and token DOT resolved as shift (DIV < DOT).


State 107

   36 Exp: Exp . ASSIGN Exp
   37    | Exp . AND Exp
   38    | Exp . OR Exp
   39    | Exp . LT Exp
   40    | Exp . LE Exp
   41    | Exp . GT Exp
   42    | Exp . GE Exp
   43    | Exp . NE Exp
   44    | Exp . EQ Exp
   45    | Exp . PLUS Exp
   46    | Exp . MINUS Exp
   47    | Exp . MUL Exp
   48    | Exp . DIV Exp
   54    | Exp . LB Exp RB
   54    | Exp LB Exp . RB
   55    | Exp . DOT ID

    ASSIGN  shift, and go to state 70
    OR      shift, and go to state 71
    AND     shift, and go to state 72
    NE      shift, and go to state 73
    EQ      shift, and go to state 74
    LT      shift, and go to state 75
    LE      shift, and go to state 76
    GT      shift, and go to state 77
    GE      shift, and go to state 78
    PLUS    shift, and go to state 79
    MINUS   shift, and go to state 80
    MUL     shift, and go to state 81
    DIV     shift, and go to state 82
    LB      shift, and go to state 83
    RB      shift, and go to state 113
    DOT     shift, and go to state 84


State 108

   55 Exp: Exp DOT ID .

    $default  reduce using rule 55 (Exp)


State 109

   36 Exp: . Exp ASSIGN Exp
   37    | . Exp AND Exp
   38    | . Exp OR Exp
   39    | . Exp LT Exp
   40    | . Exp LE Exp
   41    | . Exp GT Exp
   42    | . Exp GE Exp
   43    | . Exp NE Exp
   44    | . Exp EQ Exp
   45    | . Exp PLUS Exp
   46    | . Exp MINUS Exp
   47    | . Exp MUL Exp
   48    | . Exp DIV Exp
   49    | . LP Exp RP
   50    | . MINUS Exp
   51    | . NOT Exp
   52    | . ID LP Args RP
   53    | . ID LP RP
   54    | . Exp LB Exp RB
   55    | . Exp DOT ID
   56    | . ID
   57    | . INT
   58    | . FLOAT
   59    | . CHAR
   60 Args: . Exp COMMA Args
   60     | Exp COMMA . Args
   61     | . Exp

    INT    shift, and go to state 42
    FLOAT  shift, and go to state 43
    CHAR   shift, and go to state 44
    ID     shift, and go to state 45
    MINUS  shift, and go to state 49
    NOT    shift, and go to state 50
    LP     shift, and go to state 51

    Exp   go to state 88
    Args  go to state 114


State 110

   52 Exp: ID LP Args RP .

    $default  reduce using rule 52 (Exp)


State 111

   20 CompSt: . LC DefList StmtList RC
   23 Stmt: . Exp SEMI
   24     | . CompSt
   25     | . RETURN Exp SEMI
   26     | . IF LP Exp RP Stmt
   26     | IF LP Exp RP . Stmt
   27     | . IF LP Exp RP Stmt ELSE Stmt
   27     | IF LP Exp RP . Stmt ELSE Stmt
   28     | . WHILE LP Exp RP Stmt
   36 Exp: . Exp ASSIGN Exp
   37    | . Exp AND Exp
   38    | . Exp OR Exp
   39    | . Exp LT Exp
   40    | . Exp LE Exp
   41    | . Exp GT Exp
   42    | . Exp GE Exp
   43    | . Exp NE Exp
   44    | . Exp EQ Exp
   45    | . Exp PLUS Exp
   46    | . Exp MINUS Exp
   47    | . Exp MUL Exp
   48    | . Exp DIV Exp
   49    | . LP Exp RP
   50    | . MINUS Exp
   51    | . NOT Exp
   52    | . ID LP Args RP
   53    | . ID LP RP
   54    | . Exp LB Exp RB
   55    | . Exp DOT ID
   56    | . ID
   57    | . INT
   58    | . FLOAT
   59    | . CHAR

    INT     shift, and go to state 42
    FLOAT   shift, and go to state 43
    CHAR    shift, and go to state 44
    ID      shift, and go to state 45
    IF      shift, and go to state 46
    WHILE   shift, and go to state 47
    RETURN  shift, and go to state 48
    MINUS   shift, and go to state 49
    NOT     shift, and go to state 50
    LP      shift, and go to state 51
    LC      shift, and go to state 20

    CompSt  go to state 52
    Stmt    go to state 115
    Exp     go to state 55


State 112

   20 CompSt: . LC DefList StmtList RC
   23 Stmt: . Exp SEMI
   24     | . CompSt
   25     | . RETURN Exp SEMI
   26     | . IF LP Exp RP Stmt
   27     | . IF LP Exp RP Stmt ELSE Stmt
   28     | . WHILE LP Exp RP Stmt
   28     | WHILE LP Exp RP . Stmt
   36 Exp: . Exp ASSIGN Exp
   37    | . Exp AND Exp
   38    | . Exp OR Exp
   39    | . Exp LT Exp
   40    | . Exp LE Exp
   41    | . Exp GT Exp
   42    | . Exp GE Exp
   43    | . Exp NE Exp
   44    | . Exp EQ Exp
   45    | . Exp PLUS Exp
   46    | . Exp MINUS Exp
   47    | . Exp MUL Exp
   48    | . Exp DIV Exp
   49    | . LP Exp RP
   50    | . MINUS Exp
   51    | . NOT Exp
   52    | . ID LP Args RP
   53    | . ID LP RP
   54    | . Exp LB Exp RB
   55    | . Exp DOT ID
   56    | . ID
   57    | . INT
   58    | . FLOAT
   59    | . CHAR

    INT     shift, and go to state 42
    FLOAT   shift, and go to state 43
    CHAR    shift, and go to state 44
    ID      shift, and go to state 45
    IF      shift, and go to state 46
    WHILE   shift, and go to state 47
    RETURN  shift, and go to state 48
    MINUS   shift, and go to state 49
    NOT     shift, and go to state 50
    LP      shift, and go to state 51
    LC      shift, and go to state 20

    CompSt  go to state 52
    Stmt    go to state 116
    Exp     go to state 55


State 113

   54 Exp: Exp LB Exp RB .

    $default  reduce using rule 54 (Exp)


State 114

   60 Args: Exp COMMA Args .

    $default  reduce using rule 60 (Args)


State 115

   26 Stmt: IF LP Exp RP Stmt .  [INT, FLOAT, CHAR, ID, IF, WHILE, RETURN, MINUS, NOT, LP, LC, RC]
   27     | IF LP Exp RP Stmt . ELSE Stmt

    ELSE  shift, and go to state 117

    $default  reduce using rule 26 (Stmt)

    Conflict between rule 26 and token ELSE resolved as shift (LOWER_ELSE < ELSE).


State 116

   28 Stmt: WHILE LP Exp RP Stmt .

    $default  reduce using rule 28 (Stmt)


State 117

   20 CompSt: . LC DefList StmtList RC
   23 Stmt: . Exp SEMI
   24     | . CompSt
   25     | . RETURN Exp SEMI
   26     | . IF LP Exp RP Stmt
   27     | . IF LP Exp RP Stmt ELSE Stmt
   27     | IF LP Exp RP Stmt ELSE . Stmt
   28     | . WHILE LP Exp RP Stmt
   36 Exp: . Exp ASSIGN Exp
   37    | . Exp AND Exp
   38    | . Exp OR Exp
   39    | . Exp LT Exp
   40    | . Exp LE Exp
   41    | . Exp GT Exp
   42    | . Exp GE Exp
   43    | . Exp NE Exp
   44    | . Exp EQ Exp
   45    | . Exp PLUS Exp
   46    | . Exp MINUS Exp
   47    | . Exp MUL Exp
   48    | . Exp DIV Exp
   49    | . LP Exp RP
   50    | . MINUS Exp
   51    | . NOT Exp
   52    | . ID LP Args RP
   53    | . ID LP RP
   54    | . Exp LB Exp RB
   55    | . Exp DOT ID
   56    | . ID
   57    | . INT
   58    | . FLOAT
   59    | . CHAR

    INT     shift, and go to state 42
    FLOAT   shift, and go to state 43
    CHAR    shift, and go to state 44
    ID      shift, and go to state 45
    IF      shift, and go to state 46
    WHILE   shift, and go to state 47
    RETURN  shift, and go to state 48
    MINUS   shift, and go to state 49
    NOT     shift, and go to state 50
    LP      shift, and go to state 51
    LC      shift, and go to state 20

    CompSt  go to state 52
    Stmt    go to state 118
    Exp     go to state 55


State 118

   27 Stmt: IF LP Exp RP Stmt ELSE Stmt .

    $default  reduce using rule 27 (Stmt)
